<?xml version="1.0" encoding="UTF-8"?>
<!-- Generated by org.testng.reporters.JUnitReportReporter -->
<testsuite skipped="0" hostname="LAPTOP-ES9GKDT3" name="com.herokuapp.theinternet.uploadtests.UploadTests" tests="3" failures="0" timestamp="22 Mar 2022 21:06:25 GMT" time="8.997" errors="0">
  <testcase name="fileUploadTest" time="3.278" classname="com.herokuapp.theinternet.uploadtests.UploadTests"/>
  <testcase name="fileUploadTest" time="2.959" classname="com.herokuapp.theinternet.uploadtests.UploadTests"/>
  <testcase name="fileUploadTest" time="2.760" classname="com.herokuapp.theinternet.uploadtests.UploadTests"/>
</testsuite> <!-- com.herokuapp.theinternet.uploadtests.UploadTests -->
