<?xml version="1.0" encoding="UTF-8"?>
<!-- Generated by org.testng.reporters.JUnitReportReporter -->
<testsuite skipped="0" hostname="LAPTOP-ES9GKDT3" name="com.herokuapp.theinternet.LogInTest.NegativeLogInTests" tests="5" failures="0" timestamp="16 Mar 2022 22:13:11 GMT" time="16.113" errors="0">
  <testcase name="negativeLogInTest" time="3.091" classname="com.herokuapp.theinternet.LogInTest.NegativeLogInTests"/>
  <testcase name="negativeLogInTest" time="2.986" classname="com.herokuapp.theinternet.LogInTest.NegativeLogInTests"/>
  <testcase name="negativeLogInTest" time="3.067" classname="com.herokuapp.theinternet.LogInTest.NegativeLogInTests"/>
  <testcase name="negativeLogInTest" time="4.058" classname="com.herokuapp.theinternet.LogInTest.NegativeLogInTests"/>
  <testcase name="negativeLogInTest" time="2.911" classname="com.herokuapp.theinternet.LogInTest.NegativeLogInTests"/>
</testsuite> <!-- com.herokuapp.theinternet.LogInTest.NegativeLogInTests -->
