<?xml version="1.0" encoding="UTF-8"?>
<!-- Generated by org.testng.reporters.JUnitReportReporter -->
<testsuite skipped="0" hostname="LAPTOP-ES9GKDT3" name="com.herokuapp.theinternet.CheckBoxPageTest.CheckBoxPageTest" tests="2" failures="0" timestamp="24 Mar 2022 00:03:43 GMT" time="6.441" errors="0">
  <testcase name="selectingCheckBoxTest" time="2.520" classname="com.herokuapp.theinternet.CheckBoxPageTest.CheckBoxPageTest"/>
  <testcase name="selectingCheckBoxTest" time="3.921" classname="com.herokuapp.theinternet.CheckBoxPageTest.CheckBoxPageTest"/>
</testsuite> <!-- com.herokuapp.theinternet.CheckBoxPageTest.CheckBoxPageTest -->
