<?xml version="1.0" encoding="UTF-8"?>
<!-- Generated by org.testng.reporters.JUnitReportReporter -->
<testsuite skipped="0" hostname="LAPTOP-ES9GKDT3" name="com.herokuapp.theinternet.hoverstests.HoversTests" tests="1" failures="0" timestamp="14 Mar 2022 22:16:18 GMT" time="3.416" errors="0">
  <testcase name="user2ProfileTest" time="3.416" classname="com.herokuapp.theinternet.hoverstests.HoversTests"/>
</testsuite> <!-- com.herokuapp.theinternet.hoverstests.HoversTests -->
