<?xml version="1.0" encoding="UTF-8"?>
<!-- Generated by org.testng.reporters.JUnitReportReporter -->
<testsuite skipped="0" hostname="LAPTOP-ES9GKDT3" name="com.herokuapp.theinternet.PositiveTests" tests="1" failures="0" timestamp="17 Feb 2022 22:54:29 GMT" time="4.294" errors="0">
  <testcase name="logInTest" time="4.294" classname="com.herokuapp.theinternet.PositiveTests"/>
</testsuite> <!-- com.herokuapp.theinternet.PositiveTests -->
