<?xml version="1.0" encoding="UTF-8"?>
<!-- Generated by org.testng.reporters.JUnitReportReporter -->
<testsuite skipped="0" hostname="LAPTOP-ES9GKDT3" name="com.herokuapp.theinternet.NegativeTests" tests="4" failures="0" timestamp="17 Feb 2022 22:54:59 GMT" time="16.428" errors="0">
  <testcase name="negativeTest" time="3.215" classname="com.herokuapp.theinternet.NegativeTests"/>
  <testcase name="negativeTest" time="5.995" classname="com.herokuapp.theinternet.NegativeTests"/>
  <testcase name="negativeTest" time="2.533" classname="com.herokuapp.theinternet.NegativeTests"/>
  <testcase name="negativeTest" time="4.685" classname="com.herokuapp.theinternet.NegativeTests"/>
</testsuite> <!-- com.herokuapp.theinternet.NegativeTests -->
