<?xml version="1.0" encoding="UTF-8"?>
<!-- Generated by org.testng.reporters.JUnitReportReporter -->
<testsuite skipped="0" hostname="LAPTOP-ES9GKDT3" name="com.herokuapp.theinternet.horizontalslidertests.HorizontalSliderTests" tests="1" failures="0" timestamp="15 Mar 2022 23:04:34 GMT" time="4.569" errors="0">
  <testcase name="sliderTest" time="4.569" classname="com.herokuapp.theinternet.horizontalslidertests.HorizontalSliderTests"/>
</testsuite> <!-- com.herokuapp.theinternet.horizontalslidertests.HorizontalSliderTests -->
