<?xml version="1.0" encoding="UTF-8"?>
<!-- Generated by org.testng.reporters.JUnitReportReporter -->
<testsuite skipped="0" hostname="LAPTOP-ES9GKDT3" name="com.herokuapp.theinternet.editortests.EditorPageTests" tests="1" failures="0" timestamp="10 Mar 2022 21:21:48 GMT" time="8.918" errors="0">
  <testcase name="defaultEditorValueText" time="8.918" classname="com.herokuapp.theinternet.editortests.EditorPageTests"/>
</testsuite> <!-- com.herokuapp.theinternet.editortests.EditorPageTests -->
