<?xml version="1.0" encoding="UTF-8"?>
<!-- Generated by org.testng.reporters.JUnitReportReporter -->
<testsuite skipped="0" hostname="LAPTOP-ES9GKDT3" name="com.herokuapp.theinternet.LogInTest.PositiveLogInTests" tests="1" failures="0" timestamp="22 Mar 2022 22:38:46 GMT" time="4.627" errors="0">
  <testcase name="logInTest" time="4.627" classname="com.herokuapp.theinternet.LogInTest.PositiveLogInTests"/>
</testsuite> <!-- com.herokuapp.theinternet.LogInTest.PositiveLogInTests -->
