<?xml version="1.0" encoding="UTF-8"?>
<!-- Generated by org.testng.reporters.JUnitReportReporter -->
<testsuite skipped="0" hostname="LAPTOP-ES9GKDT3" name="com.herokuapp.theinternet.Alertstests.AlertsTests" tests="3" failures="0" timestamp="22 Mar 2022 21:16:44 GMT" time="9.622" errors="0">
  <testcase name="jsPromptTest" time="3.542" classname="com.herokuapp.theinternet.Alertstests.AlertsTests"/>
  <testcase name="jsConfirmTest" time="2.616" classname="com.herokuapp.theinternet.Alertstests.AlertsTests"/>
  <testcase name="jsAlertTest" time="3.464" classname="com.herokuapp.theinternet.Alertstests.AlertsTests"/>
</testsuite> <!-- com.herokuapp.theinternet.Alertstests.AlertsTests -->
