<?xml version="1.0" encoding="UTF-8"?>
<!-- Generated by org.testng.reporters.JUnitReportReporter -->
<testsuite skipped="0" hostname="LAPTOP-ES9GKDT3" name="com.theherokuapp.theinternet.keypressestests.KeyPressesTests" tests="2" failures="0" timestamp="10 Mar 2022 03:09:41 GMT" time="6.568" errors="0">
  <testcase name="pressKeyWithActionsTest" time="3.851" classname="com.theherokuapp.theinternet.keypressestests.KeyPressesTests"/>
  <testcase name="pressKeyTest" time="2.717" classname="com.theherokuapp.theinternet.keypressestests.KeyPressesTests"/>
</testsuite> <!-- com.theherokuapp.theinternet.keypressestests.KeyPressesTests -->
