<?xml version="1.0" encoding="UTF-8"?>
<!-- Generated by org.testng.reporters.JUnitReportReporter -->
<testsuite skipped="0" hostname="LAPTOP-ES9GKDT3" name="com.herokuapp.theinternet.windowstests.WindowsTests" tests="1" failures="0" timestamp="09 Mar 2022 22:21:50 GMT" time="4.967" errors="0">
  <testcase name="newWindowTest" time="4.967" classname="com.herokuapp.theinternet.windowstests.WindowsTests"/>
</testsuite> <!-- com.herokuapp.theinternet.windowstests.WindowsTests -->
