<?xml version="1.0" encoding="UTF-8"?>
<!-- Generated by org.testng.reporters.JUnitReportReporter -->
<testsuite skipped="0" hostname="LAPTOP-ES9GKDT3" name="com.herokuapp.theinternet.draganddroptests.DragAndDropTests" tests="1" failures="0" timestamp="14 Mar 2022 20:30:10 GMT" time="3.293" errors="0">
  <testcase name="DragAToBTest" time="3.293" classname="com.herokuapp.theinternet.draganddroptests.DragAndDropTests"/>
</testsuite> <!-- com.herokuapp.theinternet.draganddroptests.DragAndDropTests -->
