<?xml version="1.0" encoding="UTF-8"?>
<!-- Generated by org.testng.reporters.JUnitReportReporter -->
<testsuite skipped="0" hostname="LAPTOP-ES9GKDT3" name="com.herokuapp.theinternet.DropdownTest.DropdownTest" tests="1" failures="0" timestamp="03 Mar 2022 00:35:35 GMT" time="4.059" errors="0">
  <testcase name="optionTwoTest" time="4.059" classname="com.herokuapp.theinternet.DropdownTest.DropdownTest"/>
</testsuite> <!-- com.herokuapp.theinternet.DropdownTest.DropdownTest -->
